# JRE version: Java(TM) SE Runtime Environment 18.9 (11.0.9+7) (build 11.0.9+7-LTS)
# Java VM: Java HotSpot(TM) 64-Bit Server VM 18.9 (11.0.9+7-LTS, mixed mode, tiered, compressed oops, g1 gc, windows-amd64)
Heap:
 garbage-first heap   total 157696K, used 52702K [0x0000000080c00000, 0x0000000100000000)
  region size 1024K, 36 young (36864K), 3 survivors (3072K)
 Metaspace       used 53497K, capacity 55087K, committed 55168K, reserved 1097728K
  class space    used 6139K, capacity 6760K, committed 6784K, reserved 1048576K
GC Heap History (10 events):
Event: 90.407 GC heap before
{Heap before GC invocations=10 (full 0):
 garbage-first heap   total 131072K, used 85986K [0x0000000080c00000, 0x0000000100000000)
  region size 1024K, 76 young (77824K), 10 survivors (10240K)
 Metaspace       used 51516K, capacity 53100K, committed 53376K, reserved 1095680K
  class space    used 6121K, capacity 6737K, committed 6784K, reserved 1048576K
}
Event: 90.449 GC heap after
{Heap after GC invocations=11 (full 0):
 garbage-first heap   total 157696K, used 20118K [0x0000000080c00000, 0x0000000100000000)
  region size 1024K, 3 young (3072K), 3 survivors (3072K)
 Metaspace       used 51516K, capacity 53100K, committed 53376K, reserved 1095680K
  class space    used 6121K, capacity 6737K, committed 6784K, reserved 1048576K
}
Event: 103.438 GC heap before
{Heap before GC invocations=11 (full 0):
 garbage-first heap   total 157696K, used 110230K [0x0000000080c00000, 0x0000000100000000)
  region size 1024K, 91 young (93184K), 3 survivors (3072K)
 Metaspace       used 53405K, capacity 55022K, committed 55168K, reserved 1097728K
  class space    used 6137K, capacity 6760K, committed 6784K, reserved 1048576K
}
Event: 103.450 GC heap after
{Heap after GC invocations=12 (full 0):
 garbage-first heap   total 157696K, used 20374K [0x0000000080c00000, 0x0000000100000000)
  region size 1024K, 4 young (4096K), 4 survivors (4096K)
 Metaspace       used 53405K, capacity 55022K, committed 55168K, reserved 1097728K
  class space    used 6137K, capacity 6760K, committed 6784K, reserved 1048576K
}
Event: 113.431 GC heap before
{Heap before GC invocations=12 (full 0):
 garbage-first heap   total 157696K, used 110486K [0x0000000080c00000, 0x0000000100000000)
  region size 1024K, 92 young (94208K), 4 survivors (4096K)
 Metaspace       used 53485K, capacity 55087K, committed 55168K, reserved 1097728K
  class space    used 6137K, capacity 6760K, committed 6784K, reserved 1048576K
}
Event: 113.444 GC heap after
{Heap after GC invocations=13 (full 0):
 garbage-first heap   total 157696K, used 20118K [0x0000000080c00000, 0x0000000100000000)
  region size 1024K, 3 young (3072K), 3 survivors (3072K)
 Metaspace       used 53485K, capacity 55087K, committed 55168K, reserved 1097728K
  class space    used 6137K, capacity 6760K, committed 6784K, reserved 1048576K
}
Event: 124.287 GC heap before
{Heap before GC invocations=13 (full 0):
 garbage-first heap   total 157696K, used 111254K [0x0000000080c00000, 0x0000000100000000)
  region size 1024K, 92 young (94208K), 3 survivors (3072K)
 Metaspace       used 53495K, capacity 55087K, committed 55168K, reserved 1097728K
  class space    used 6138K, capacity 6760K, committed 6784K, reserved 1048576K
}
Event: 124.305 GC heap after
{Heap after GC invocations=14 (full 0):
 garbage-first heap   total 157696K, used 19994K [0x0000000080c00000, 0x0000000100000000)
  region size 1024K, 3 young (3072K), 3 survivors (3072K)
 Metaspace       used 53495K, capacity 55087K, committed 55168K, reserved 1097728K
  class space    used 6138K, capacity 6760K, committed 6784K, reserved 1048576K
}
Event: 134.931 GC heap before
{Heap before GC invocations=14 (full 0):
 garbage-first heap   total 157696K, used 111130K [0x0000000080c00000, 0x0000000100000000)
  region size 1024K, 92 young (94208K), 3 survivors (3072K)
 Metaspace       used 53495K, capacity 55087K, committed 55168K, reserved 1097728K
  class space    used 6138K, capacity 6760K, committed 6784K, reserved 1048576K
}
Event: 134.944 GC heap after
{Heap after GC invocations=15 (full 0):
 garbage-first heap   total 157696K, used 19934K [0x0000000080c00000, 0x0000000100000000)
  region size 1024K, 3 young (3072K), 3 survivors (3072K)
 Metaspace       used 53495K, capacity 55087K, committed 55168K, reserved 1097728K
  class space    used 6138K, capacity 6760K, committed 6784K, reserved 1048576K
}

