# JRE version: Java(TM) SE Runtime Environment 18.9 (11.0.9+7) (build 11.0.9+7-LTS)
# Java VM: Java HotSpot(TM) 64-Bit Server VM 18.9 (11.0.9+7-LTS, mixed mode, tiered, compressed oops, g1 gc, windows-amd64)
Heap:
 garbage-first heap   total 157696K, used 34479K [0x0000000080c00000, 0x0000000100000000)
  region size 1024K, 18 young (18432K), 3 survivors (3072K)
 Metaspace       used 53646K, capacity 55280K, committed 55424K, reserved 1097728K
  class space    used 6158K, capacity 6782K, committed 6784K, reserved 1048576K
GC Heap History (10 events):
Event: 854.718 GC heap before
{Heap before GC invocations=19 (full 0):
 garbage-first heap   total 157696K, used 111235K [0x0000000080c00000, 0x0000000100000000)
  region size 1024K, 92 young (94208K), 3 survivors (3072K)
 Metaspace       used 53598K, capacity 55235K, committed 55424K, reserved 1097728K
  class space    used 6150K, capacity 6767K, committed 6784K, reserved 1048576K
}
Event: 854.729 GC heap after
{Heap after GC invocations=20 (full 0):
 garbage-first heap   total 157696K, used 20106K [0x0000000080c00000, 0x0000000100000000)
  region size 1024K, 3 young (3072K), 3 survivors (3072K)
 Metaspace       used 53598K, capacity 55235K, committed 55424K, reserved 1097728K
  class space    used 6150K, capacity 6767K, committed 6784K, reserved 1048576K
}
Event: 1185.353 GC heap before
{Heap before GC invocations=20 (full 0):
 garbage-first heap   total 157696K, used 111242K [0x0000000080c00000, 0x0000000100000000)
  region size 1024K, 92 young (94208K), 3 survivors (3072K)
 Metaspace       used 53642K, capacity 55280K, committed 55424K, reserved 1097728K
  class space    used 6158K, capacity 6782K, committed 6784K, reserved 1048576K
}
Event: 1185.366 GC heap after
{Heap after GC invocations=21 (full 0):
 garbage-first heap   total 157696K, used 20244K [0x0000000080c00000, 0x0000000100000000)
  region size 1024K, 3 young (3072K), 3 survivors (3072K)
 Metaspace       used 53642K, capacity 55280K, committed 55424K, reserved 1097728K
  class space    used 6158K, capacity 6782K, committed 6784K, reserved 1048576K
}
Event: 1195.018 GC heap before
{Heap before GC invocations=21 (full 0):
 garbage-first heap   total 157696K, used 111380K [0x0000000080c00000, 0x0000000100000000)
  region size 1024K, 92 young (94208K), 3 survivors (3072K)
 Metaspace       used 53643K, capacity 55280K, committed 55424K, reserved 1097728K
  class space    used 6158K, capacity 6782K, committed 6784K, reserved 1048576K
}
Event: 1195.030 GC heap after
{Heap after GC invocations=22 (full 0):
 garbage-first heap   total 157696K, used 20082K [0x0000000080c00000, 0x0000000100000000)
  region size 1024K, 3 young (3072K), 3 survivors (3072K)
 Metaspace       used 53643K, capacity 55280K, committed 55424K, reserved 1097728K
  class space    used 6158K, capacity 6782K, committed 6784K, reserved 1048576K
}
Event: 1205.153 GC heap before
{Heap before GC invocations=22 (full 0):
 garbage-first heap   total 157696K, used 111218K [0x0000000080c00000, 0x0000000100000000)
  region size 1024K, 92 young (94208K), 3 survivors (3072K)
 Metaspace       used 53644K, capacity 55280K, committed 55424K, reserved 1097728K
  class space    used 6158K, capacity 6782K, committed 6784K, reserved 1048576K
}
Event: 1205.165 GC heap after
{Heap after GC invocations=23 (full 0):
 garbage-first heap   total 157696K, used 20105K [0x0000000080c00000, 0x0000000100000000)
  region size 1024K, 3 young (3072K), 3 survivors (3072K)
 Metaspace       used 53644K, capacity 55280K, committed 55424K, reserved 1097728K
  class space    used 6158K, capacity 6782K, committed 6784K, reserved 1048576K
}
Event: 1214.432 GC heap before
{Heap before GC invocations=23 (full 0):
 garbage-first heap   total 157696K, used 111241K [0x0000000080c00000, 0x0000000100000000)
  region size 1024K, 92 young (94208K), 3 survivors (3072K)
 Metaspace       used 53644K, capacity 55280K, committed 55424K, reserved 1097728K
  class space    used 6158K, capacity 6782K, committed 6784K, reserved 1048576K
}
Event: 1214.444 GC heap after
{Heap after GC invocations=24 (full 0):
 garbage-first heap   total 157696K, used 20143K [0x0000000080c00000, 0x0000000100000000)
  region size 1024K, 3 young (3072K), 3 survivors (3072K)
 Metaspace       used 53644K, capacity 55280K, committed 55424K, reserved 1097728K
  class space    used 6158K, capacity 6782K, committed 6784K, reserved 1048576K
}

