# JRE version: Java(TM) SE Runtime Environment 18.9 (11.0.9+7) (build 11.0.9+7-LTS)
# Java VM: Java HotSpot(TM) 64-Bit Server VM 18.9 (11.0.9+7-LTS, mixed mode, tiered, compressed oops, g1 gc, windows-amd64)
Heap:
 garbage-first heap   total 157696K, used 18765K [0x0000000080c00000, 0x0000000100000000)
  region size 1024K, 10 young (10240K), 10 survivors (10240K)
 Metaspace       used 45937K, capacity 47289K, committed 47360K, reserved 1091584K
  class space    used 5585K, capacity 6120K, committed 6144K, reserved 1048576K
GC Heap History (10 events):
Event: 4.386 GC heap after
{Heap after GC invocations=3 (full 0):
 garbage-first heap   total 131072K, used 7005K [0x0000000080c00000, 0x0000000100000000)
  region size 1024K, 2 young (2048K), 2 survivors (2048K)
 Metaspace       used 18352K, capacity 18792K, committed 18816K, reserved 1067008K
  class space    used 1974K, capacity 2174K, committed 2176K, reserved 1048576K
}
Event: 4.670 GC heap before
{Heap before GC invocations=3 (full 0):
 garbage-first heap   total 131072K, used 16221K [0x0000000080c00000, 0x0000000100000000)
  region size 1024K, 12 young (12288K), 2 survivors (2048K)
 Metaspace       used 20644K, capacity 21090K, committed 21248K, reserved 1069056K
  class space    used 2235K, capacity 2449K, committed 2560K, reserved 1048576K
}
Event: 4.678 GC heap after
{Heap after GC invocations=4 (full 0):
 garbage-first heap   total 131072K, used 7366K [0x0000000080c00000, 0x0000000100000000)
  region size 1024K, 3 young (3072K), 3 survivors (3072K)
 Metaspace       used 20644K, capacity 21090K, committed 21248K, reserved 1069056K
  class space    used 2235K, capacity 2449K, committed 2560K, reserved 1048576K
}
Event: 6.455 GC heap before
{Heap before GC invocations=5 (full 0):
 garbage-first heap   total 131072K, used 42182K [0x0000000080c00000, 0x0000000100000000)
  region size 1024K, 37 young (37888K), 3 survivors (3072K)
 Metaspace       used 24014K, capacity 24661K, committed 24704K, reserved 1071104K
  class space    used 2656K, capacity 2912K, committed 2944K, reserved 1048576K
}
Event: 6.469 GC heap after
{Heap after GC invocations=6 (full 0):
 garbage-first heap   total 131072K, used 9389K [0x0000000080c00000, 0x0000000100000000)
  region size 1024K, 5 young (5120K), 5 survivors (5120K)
 Metaspace       used 24014K, capacity 24661K, committed 24704K, reserved 1071104K
  class space    used 2656K, capacity 2912K, committed 2944K, reserved 1048576K
}
Event: 11.643 GC heap before
{Heap before GC invocations=6 (full 0):
 garbage-first heap   total 131072K, used 80045K [0x0000000080c00000, 0x0000000100000000)
  region size 1024K, 75 young (76800K), 5 survivors (5120K)
 Metaspace       used 34370K, capacity 35358K, committed 35584K, reserved 1081344K
  class space    used 3968K, capacity 4334K, committed 4352K, reserved 1048576K
}
Event: 11.668 GC heap after
{Heap after GC invocations=7 (full 0):
 garbage-first heap   total 131072K, used 12996K [0x0000000080c00000, 0x0000000100000000)
  region size 1024K, 8 young (8192K), 8 survivors (8192K)
 Metaspace       used 34370K, capacity 35358K, committed 35584K, reserved 1081344K
  class space    used 3968K, capacity 4334K, committed 4352K, reserved 1048576K
}
Event: 11.923 GC heap before
{Heap before GC invocations=7 (full 0):
 garbage-first heap   total 131072K, used 17092K [0x0000000080c00000, 0x0000000100000000)
  region size 1024K, 13 young (13312K), 8 survivors (8192K)
 Metaspace       used 34826K, capacity 35764K, committed 35840K, reserved 1081344K
  class space    used 4035K, capacity 4404K, committed 4480K, reserved 1048576K
}
Event: 11.951 GC heap after
{Heap after GC invocations=8 (full 0):
 garbage-first heap   total 131072K, used 13526K [0x0000000080c00000, 0x0000000100000000)
  region size 1024K, 5 young (5120K), 5 survivors (5120K)
 Metaspace       used 34826K, capacity 35764K, committed 35840K, reserved 1081344K
  class space    used 4035K, capacity 4404K, committed 4480K, reserved 1048576K
}
Event: 16.662 GC heap before
{Heap before GC invocations=9 (full 0):
 garbage-first heap   total 131072K, used 84182K [0x0000000080c00000, 0x0000000100000000)
  region size 1024K, 75 young (76800K), 5 survivors (5120K)
 Metaspace       used 45937K, capacity 47289K, committed 47360K, reserved 1091584K
  class space    used 5585K, capacity 6120K, committed 6144K, reserved 1048576K
}

